<?xml version="1.0" encoding="UTF-8"?>
<!-- Generated by org.testng.reporters.JUnitXMLReporter -->
<testsuite ignored="1" hostname="virupaksha-Acer-One-14-Z2-493" failures="1" tests="2" name="Default test(failed)" time="67.333" errors="0" timestamp="2025-10-09T16:26:28 IST">
  <testcase classname="tests.Login_Test" name="testValidLogin" time="12.953"/>
  <testcase classname="tests.OTP_Test" name="enterOTPTest" time="46.192">
    <failure type="java.lang.Exception" message="OTP did not arrive in inbox: FNHCare24_h01">
      <![CDATA[java.lang.Exception: OTP did not arrive in inbox: FNHCare24_h01
at Pages.OTP_Class.fetchLatestOTP(OTP_Class.java:61)
at tests.OTP_Test.enterOTPTest(OTP_Test.java:19)
at java.base/java.util.ArrayList.forEach(ArrayList.java:1511)
... Removed 27 stack frames]]>
    </failure>
  </testcase> <!-- enterOTPTest -->
  <testcase classname="Pages.Baseclass_page" name="@BeforeTest setup" time="0.0">
    <ignored/>
  </testcase> <!-- @BeforeTest setup -->
</testsuite> <!-- Default test(failed) -->
