<?xml version="1.0" encoding="UTF-8"?>
<!-- Generated by org.testng.reporters.JUnitXMLReporter -->
<testsuite ignored="1" hostname="virupaksha-Acer-One-14-Z2-493" failures="1" tests="2" name="Surefire test" time="24.037" errors="0" timestamp="2025-10-09T16:03:57 IST">
  <testcase classname="tests.Login_Test" name="testValidLogin" time="11.544"/>
  <testcase classname="tests.OTP_Test" name="enterOTPTest" time="1.041">
    <failure type="org.json.JSONException" message="A JSONObject text must begin with &amp;apos;{&amp;apos; at 1 [character 2 line 1]">
      <![CDATA[org.json.JSONException: A JSONObject text must begin with '{' at 1 [character 2 line 1]
at org.json.JSONTokener.syntaxError(JSONTokener.java:501)
at org.json.JSONObject.<init>(JSONObject.java:208)
at org.json.JSONObject.<init>(JSONObject.java:404)
at Pages.OTP_Class.getInboxMessages(OTP_Class.java:79)
at Pages.OTP_Class.fetchLatestOTP(OTP_Class.java:30)
at tests.OTP_Test.enterOTPTest(OTP_Test.java:19)
at java.base/java.util.ArrayList.forEach(ArrayList.java:1511)
... Removed 32 stack frames]]>
    </failure>
  </testcase> <!-- enterOTPTest -->
  <testcase classname="Pages.Baseclass_page" name="@BeforeTest setup" time="0.0">
    <ignored/>
  </testcase> <!-- @BeforeTest setup -->
</testsuite> <!-- Surefire test -->
