<?xml version="1.0" encoding="UTF-8"?>
<!-- Generated by org.testng.reporters.JUnitXMLReporter -->
<testsuite ignored="1" hostname="virupaksha-Acer-One-14-Z2-493" failures="0" tests="2" name="Default test" time="25.43" errors="0" timestamp="2025-10-09T21:02:42 IST">
  <testcase classname="tests.Login_Test" name="testValidLogin" time="11.426"/>
  <testcase classname="tests.OTP_Test" name="enterOTPTest" time="7.236"/>
  <testcase classname="Pages.Baseclass_page" name="@BeforeTest setup" time="0.0">
    <ignored/>
  </testcase> <!-- @BeforeTest setup -->
</testsuite> <!-- Default test -->
