<?xml version="1.0" encoding="UTF-8"?>
<testng-results ignored="0" total="2" passed="1" failed="1" skipped="0">
  <reporter-output>
  </reporter-output>
  <suite started-at="2025-10-09T16:03:33 IST" name="Surefire suite" finished-at="2025-10-09T16:03:57 IST" duration-ms="24037">
    <groups>
      <group name="login">
        <method signature="Login_Test.testValidLogin()[pri:1, instance:tests.Login_Test@289710d9]" name="testValidLogin" class="tests.Login_Test"/>
      </group> <!-- login -->
    </groups>
    <test started-at="2025-10-09T16:03:33 IST" name="Surefire test" finished-at="2025-10-09T16:03:57 IST" duration-ms="24037">
      <class name="tests.Login_Test">
        <test-method is-config="true" signature="initPage()[pri:0, instance:tests.Login_Test@289710d9]" started-at="2025-10-09T16:03:43 IST" name="initPage" finished-at="2025-10-09T16:03:44 IST" duration-ms="504" status="PASS">
          <reporter-output>
          </reporter-output>
        </test-method> <!-- initPage -->
        <test-method signature="testValidLogin()[pri:1, instance:tests.Login_Test@289710d9]" started-at="2025-10-09T16:03:44 IST" name="testValidLogin" finished-at="2025-10-09T16:03:55 IST" duration-ms="11544" status="PASS">
          <reporter-output>
          </reporter-output>
        </test-method> <!-- testValidLogin -->
      </class> <!-- tests.Login_Test -->
      <class name="tests.OTP_Test">
        <test-method is-config="true" signature="setup()[pri:0, instance:tests.OTP_Test@7ac0e420]" started-at="2025-10-09T16:03:33 IST" name="setup" finished-at="2025-10-09T16:03:43 IST" duration-ms="10896" status="PASS">
          <reporter-output>
          </reporter-output>
        </test-method> <!-- setup -->
        <test-method signature="enterOTPTest()[pri:0, instance:tests.OTP_Test@7ac0e420]" started-at="2025-10-09T16:03:55 IST" name="enterOTPTest" finished-at="2025-10-09T16:03:57 IST" depends-on-methods="tests.Login_Test.testValidLogin" duration-ms="1041" status="FAIL">
          <exception class="org.json.JSONException">
            <message>
              <![CDATA[A JSONObject text must begin with '{' at 1 [character 2 line 1]]]>
            </message>
            <full-stacktrace>
              <![CDATA[org.json.JSONException: A JSONObject text must begin with '{' at 1 [character 2 line 1]
at org.json.JSONTokener.syntaxError(JSONTokener.java:501)
at org.json.JSONObject.<init>(JSONObject.java:208)
at org.json.JSONObject.<init>(JSONObject.java:404)
at Pages.OTP_Class.getInboxMessages(OTP_Class.java:79)
at Pages.OTP_Class.fetchLatestOTP(OTP_Class.java:30)
at tests.OTP_Test.enterOTPTest(OTP_Test.java:19)
at java.base/jdk.internal.reflect.NativeMethodAccessorImpl.invoke0(Native Method)
at java.base/jdk.internal.reflect.NativeMethodAccessorImpl.invoke(NativeMethodAccessorImpl.java:77)
at java.base/jdk.internal.reflect.DelegatingMethodAccessorImpl.invoke(DelegatingMethodAccessorImpl.java:43)
at java.base/java.lang.reflect.Method.invoke(Method.java:569)
at org.testng.internal.invokers.MethodInvocationHelper.invokeMethod(MethodInvocationHelper.java:141)
at org.testng.internal.invokers.TestInvoker.invokeMethod(TestInvoker.java:686)
at org.testng.internal.invokers.TestInvoker.invokeTestMethod(TestInvoker.java:230)
at org.testng.internal.invokers.MethodRunner.runInSequence(MethodRunner.java:63)
at org.testng.internal.invokers.TestInvoker$MethodInvocationAgent.invoke(TestInvoker.java:992)
at org.testng.internal.invokers.TestInvoker.invokeTestMethods(TestInvoker.java:203)
at org.testng.internal.invokers.TestMethodWorker.invokeTestMethods(TestMethodWorker.java:154)
at org.testng.internal.invokers.TestMethodWorker.run(TestMethodWorker.java:134)
at java.base/java.util.ArrayList.forEach(ArrayList.java:1511)
at org.testng.TestRunner.privateRun(TestRunner.java:739)
at org.testng.TestRunner.run(TestRunner.java:614)
at org.testng.SuiteRunner.runTest(SuiteRunner.java:421)
at org.testng.SuiteRunner.runSequentially(SuiteRunner.java:413)
at org.testng.SuiteRunner.privateRun(SuiteRunner.java:373)
at org.testng.SuiteRunner.run(SuiteRunner.java:312)
at org.testng.SuiteRunnerWorker.runSuite(SuiteRunnerWorker.java:52)
at org.testng.SuiteRunnerWorker.run(SuiteRunnerWorker.java:95)
at org.testng.TestNG.runSuitesSequentially(TestNG.java:1274)
at org.testng.TestNG.runSuitesLocally(TestNG.java:1208)
at org.testng.TestNG.runSuites(TestNG.java:1112)
at org.testng.TestNG.run(TestNG.java:1079)
at org.apache.maven.surefire.testng.TestNGExecutor.run(TestNGExecutor.java:155)
at org.apache.maven.surefire.testng.TestNGDirectoryTestSuite.executeMulti(TestNGDirectoryTestSuite.java:169)
at org.apache.maven.surefire.testng.TestNGDirectoryTestSuite.execute(TestNGDirectoryTestSuite.java:88)
at org.apache.maven.surefire.testng.TestNGProvider.invoke(TestNGProvider.java:137)
at org.apache.maven.surefire.booter.ForkedBooter.runSuitesInProcess(ForkedBooter.java:385)
at org.apache.maven.surefire.booter.ForkedBooter.execute(ForkedBooter.java:162)
at org.apache.maven.surefire.booter.ForkedBooter.run(ForkedBooter.java:507)
at org.apache.maven.surefire.booter.ForkedBooter.main(ForkedBooter.java:495)
]]>
            </full-stacktrace>
          </exception> <!-- org.json.JSONException -->
          <reporter-output>
          </reporter-output>
        </test-method> <!-- enterOTPTest -->
      </class> <!-- tests.OTP_Test -->
      <class name="tests.BaseTest">
        <test-method is-config="true" signature="setupReport()[pri:0, instance:tests.BaseTest@460ebd80]" started-at="2025-10-09T16:03:32 IST" name="setupReport" finished-at="2025-10-09T16:03:32 IST" duration-ms="362" status="PASS">
          <reporter-output>
          </reporter-output>
        </test-method> <!-- setupReport -->
        <test-method is-config="true" signature="tearDownReport()[pri:0, instance:tests.BaseTest@460ebd80]" started-at="2025-10-09T16:03:57 IST" name="tearDownReport" finished-at="2025-10-09T16:03:57 IST" duration-ms="456" status="PASS">
          <reporter-output>
          </reporter-output>
        </test-method> <!-- tearDownReport -->
      </class> <!-- tests.BaseTest -->
    </test> <!-- Surefire test -->
  </suite> <!-- Surefire suite -->
</testng-results>
