<?xml version="1.0" encoding="UTF-8"?>
<testng-results ignored="0" total="2" passed="2" failed="0" skipped="0">
  <reporter-output>
  </reporter-output>
  <suite started-at="2025-10-09T21:02:17 IST" name="Default suite" finished-at="2025-10-09T21:02:42 IST" duration-ms="25430">
    <groups>
      <group name="login">
        <method signature="Login_Test.testValidLogin()[pri:1, instance:tests.Login_Test@459e9125]" name="testValidLogin" class="tests.Login_Test"/>
      </group> <!-- login -->
    </groups>
    <test started-at="2025-10-09T21:02:17 IST" name="Default test" finished-at="2025-10-09T21:02:42 IST" duration-ms="25430">
      <class name="tests.Login_Test">
        <test-method is-config="true" signature="setup()[pri:0, instance:tests.Login_Test@459e9125]" started-at="2025-10-09T21:02:17 IST" name="setup" finished-at="2025-10-09T21:02:22 IST" duration-ms="5726" status="PASS">
          <reporter-output>
          </reporter-output>
        </test-method> <!-- setup -->
        <test-method is-config="true" signature="initPage()[pri:0, instance:tests.Login_Test@459e9125]" started-at="2025-10-09T21:02:23 IST" name="initPage" finished-at="2025-10-09T21:02:24 IST" duration-ms="931" status="PASS">
          <reporter-output>
          </reporter-output>
        </test-method> <!-- initPage -->
        <test-method signature="testValidLogin()[pri:1, instance:tests.Login_Test@459e9125]" started-at="2025-10-09T21:02:24 IST" name="testValidLogin" finished-at="2025-10-09T21:02:35 IST" duration-ms="11426" status="PASS">
          <reporter-output>
          </reporter-output>
        </test-method> <!-- testValidLogin -->
      </class> <!-- tests.Login_Test -->
      <class name="tests.OTP_Test">
        <test-method signature="enterOTPTest()[pri:0, instance:tests.OTP_Test@4c583ecf]" started-at="2025-10-09T21:02:35 IST" name="enterOTPTest" finished-at="2025-10-09T21:02:42 IST" depends-on-methods="tests.Login_Test.testValidLogin" duration-ms="7236" status="PASS">
          <reporter-output>
          </reporter-output>
        </test-method> <!-- enterOTPTest -->
      </class> <!-- tests.OTP_Test -->
    </test> <!-- Default test -->
  </suite> <!-- Default suite -->
</testng-results>
