<?xml version="1.0" encoding="UTF-8"?>
<testng-results ignored="0" total="3" passed="2" failed="1" skipped="0">
  <reporter-output>
  </reporter-output>
  <suite started-at="2025-11-12T16:36:33 IST" name="Default suite" finished-at="2025-11-12T16:37:29 IST" duration-ms="55757">
    <groups>
      <group name="login">
        <method signature="Login_Test.testValidLogin()[pri:1, instance:tests.Login_Test@7cc0cdad]" name="testValidLogin" class="tests.Login_Test"/>
      </group> <!-- login -->
    </groups>
    <test started-at="2025-11-12T16:36:33 IST" name="Default test" finished-at="2025-11-12T16:37:29 IST" duration-ms="55757">
      <class name="tests.Login_Test">
        <test-method is-config="true" signature="setup()[pri:0, instance:tests.Login_Test@7cc0cdad]" started-at="2025-11-12T16:36:33 IST" name="setup" finished-at="2025-11-12T16:36:41 IST" duration-ms="7831" status="PASS">
          <reporter-output>
          </reporter-output>
        </test-method> <!-- setup -->
        <test-method is-config="true" signature="initPage()[pri:0, instance:tests.Login_Test@7cc0cdad]" started-at="2025-11-12T16:36:41 IST" name="initPage" finished-at="2025-11-12T16:36:41 IST" duration-ms="737" status="PASS">
          <reporter-output>
          </reporter-output>
        </test-method> <!-- initPage -->
        <test-method signature="testValidLogin()[pri:1, instance:tests.Login_Test@7cc0cdad]" started-at="2025-11-12T16:36:41 IST" name="testValidLogin" finished-at="2025-11-12T16:36:55 IST" duration-ms="13076" status="PASS">
          <reporter-output>
          </reporter-output>
        </test-method> <!-- testValidLogin -->
      </class> <!-- tests.Login_Test -->
      <class name="tests.OTP_Test">
        <test-method signature="enterOTPTest()[pri:0, instance:tests.OTP_Test@48f2bd5b]" started-at="2025-11-12T16:36:55 IST" name="enterOTPTest" finished-at="2025-11-12T16:37:03 IST" depends-on-methods="tests.Login_Test.testValidLogin" duration-ms="8889" status="PASS">
          <reporter-output>
          </reporter-output>
        </test-method> <!-- enterOTPTest -->
      </class> <!-- tests.OTP_Test -->
      <class name="tests.CreateDoctorTest">
        <test-method is-config="true" signature="initPage()[pri:0, instance:tests.CreateDoctorTest@7b2bbc3]" started-at="2025-11-12T16:37:03 IST" name="initPage" finished-at="2025-11-12T16:37:03 IST" duration-ms="9" status="PASS">
          <reporter-output>
          </reporter-output>
        </test-method> <!-- initPage -->
        <test-method signature="testcreatedoctor()[pri:0, instance:tests.CreateDoctorTest@7b2bbc3]" started-at="2025-11-12T16:37:03 IST" name="testcreatedoctor" finished-at="2025-11-12T16:37:29 IST" depends-on-methods="tests.Login_Test.testValidLogin, tests.OTP_Test.enterOTPTest" duration-ms="25138" status="FAIL">
          <exception class="java.lang.NullPointerException">
            <message>
              <![CDATA[Cannot invoke "com.aventstack.extentreports.ExtentTest.log(com.aventstack.extentreports.Status, String)" because "this.test" is null]]>
            </message>
            <full-stacktrace>
              <![CDATA[java.lang.NullPointerException: Cannot invoke "com.aventstack.extentreports.ExtentTest.log(com.aventstack.extentreports.Status, String)" because "this.test" is null
at tests.CreateDoctorTest.testcreatedoctor(CreateDoctorTest.java:47)
at java.base/jdk.internal.reflect.NativeMethodAccessorImpl.invoke0(Native Method)
at java.base/jdk.internal.reflect.NativeMethodAccessorImpl.invoke(NativeMethodAccessorImpl.java:77)
at java.base/jdk.internal.reflect.DelegatingMethodAccessorImpl.invoke(DelegatingMethodAccessorImpl.java:43)
at java.base/java.lang.reflect.Method.invoke(Method.java:569)
at org.testng.internal.invokers.MethodInvocationHelper.invokeMethod(MethodInvocationHelper.java:141)
at org.testng.internal.invokers.TestInvoker.invokeMethod(TestInvoker.java:687)
at org.testng.internal.invokers.TestInvoker.invokeTestMethod(TestInvoker.java:230)
at org.testng.internal.invokers.MethodRunner.runInSequence(MethodRunner.java:63)
at org.testng.internal.invokers.TestInvoker$MethodInvocationAgent.invoke(TestInvoker.java:995)
at org.testng.internal.invokers.TestInvoker.invokeTestMethods(TestInvoker.java:203)
at org.testng.internal.invokers.TestMethodWorker.invokeTestMethods(TestMethodWorker.java:154)
at org.testng.internal.invokers.TestMethodWorker.run(TestMethodWorker.java:134)
at java.base/java.util.ArrayList.forEach(ArrayList.java:1511)
at org.testng.TestRunner.privateRun(TestRunner.java:741)
at org.testng.TestRunner.run(TestRunner.java:616)
at org.testng.SuiteRunner.runTest(SuiteRunner.java:421)
at org.testng.SuiteRunner.runSequentially(SuiteRunner.java:413)
at org.testng.SuiteRunner.privateRun(SuiteRunner.java:373)
at org.testng.SuiteRunner.run(SuiteRunner.java:312)
at org.testng.SuiteRunnerWorker.runSuite(SuiteRunnerWorker.java:52)
at org.testng.SuiteRunnerWorker.run(SuiteRunnerWorker.java:95)
at org.testng.TestNG.runSuitesSequentially(TestNG.java:1274)
at org.testng.TestNG.runSuitesLocally(TestNG.java:1208)
at org.testng.TestNG.runSuites(TestNG.java:1112)
at org.testng.TestNG.run(TestNG.java:1079)
at org.testng.remote.AbstractRemoteTestNG.run(AbstractRemoteTestNG.java:115)
at org.testng.remote.RemoteTestNG.initAndRun(RemoteTestNG.java:293)
at org.testng.remote.RemoteTestNG.main(RemoteTestNG.java:91)
]]>
            </full-stacktrace>
          </exception> <!-- java.lang.NullPointerException -->
          <reporter-output>
          </reporter-output>
        </test-method> <!-- testcreatedoctor -->
      </class> <!-- tests.CreateDoctorTest -->
    </test> <!-- Default test -->
  </suite> <!-- Default suite -->
</testng-results>
